/*C3*/SET SCHEMA PUBLIC
DELETE FROM DEPOT WHERE CODE=1
INSERT INTO DEPOT VALUES(1,'XXX','')
COMMIT
DELETE FROM DEPOT WHERE CODE=1
INSERT INTO DEPOT VALUES(1,'XXX','SQ')
COMMIT
DELETE FROM DEPOT WHERE CODE=1
INSERT INTO DEPOT VALUES(1,'XXX','SQ')
COMMIT
DELETE FROM DEPOT WHERE CODE=1
INSERT INTO DEPOT VALUES(1,'XXXXDSC','SQ')
COMMIT
DELETE FROM DEPOT WHERE CODE=1
INSERT INTO DEPOT VALUES(1,'XXXXDSCXSQ','SQXQ')
COMMIT
DELETE FROM DEPOT WHERE CODE=1
INSERT INTO DEPOT VALUES(1,'AMINE','SINWK')
COMMIT
INSERT INTO CLIENT VALUES('CL1','D','D','')
COMMIT
INSERT INTO BILL VALUES('0170900001','2017-09-21 23:08:00.000000',0.0E0,'CL1',1)
COMMIT
INSERT INTO BILLPRODUCTS VALUES('0170900001','P1',1.0E0,1.0E0)
COMMIT
DELETE FROM STOCK WHERE CODE_DEPOT=1 AND CODE_PRODUCT='P1'
INSERT INTO STOCK VALUES(1,'P1',1.0E0)
COMMIT
DELETE FROM DEPOT WHERE CODE=1
INSERT INTO DEPOT VALUES(1,'HADJ','SINWK')
COMMIT
